This file contains any messages produced by compilers while
running configure, to aid debugging if configure makes a mistake.

It was created by MyPackageName configure 0.1, which was
generated by GNU Autoconf 2.69.  Invocation command line was

  $ ./configure 

## --------- ##
## Platform. ##
## --------- ##

hostname = lallemfaVM
uname -m = x86_64
uname -r = 4.8.0-53-generic
uname -s = Linux
uname -v = #56~16.04.1-Ubuntu SMP Tue May 16 01:18:56 UTC 2017

/usr/bin/uname -p = unknown
/bin/uname -X     = unknown

/bin/arch              = unknown
/usr/bin/arch -k       = unknown
/usr/convex/getsysinfo = unknown
/usr/bin/hostinfo      = unknown
/bin/machine           = unknown
/usr/bin/oslevel       = unknown
/bin/universe          = unknown

PATH: /usr/local/sbin
PATH: /usr/local/bin
PATH: /usr/sbin
PATH: /usr/bin
PATH: /sbin
PATH: /bin
PATH: /snap/bin


## ----------- ##
## Core tests. ##
## ----------- ##

configure:2272: checking for a BSD-compatible install
configure:2340: result: /usr/bin/install -c
configure:2351: checking whether build environment is sane
configure:2406: result: yes
configure:2557: checking for a thread-safe mkdir -p
configure:2596: result: /bin/mkdir -p
configure:2603: checking for gawk
configure:2619: found /usr/bin/gawk
configure:2630: result: gawk
configure:2641: checking whether make sets $(MAKE)
configure:2663: result: yes
configure:2692: checking whether make supports nested variables
configure:2709: result: yes
configure:2847: checking for style of include used by make
configure:2875: result: GNU
configure:2946: checking for gcc
configure:2962: found /usr/bin/gcc
configure:2973: result: gcc
configure:3202: checking for C compiler version
configure:3211: gcc --version >&5
gcc (Ubuntu 5.4.0-6ubuntu1~16.04.5) 5.4.0 20160609
Copyright (C) 2015 Free Software Foundation, Inc.
This is free software; see the source for copying conditions.  There is NO
warranty; not even for MERCHANTABILITY or FITNESS FOR A PARTICULAR PURPOSE.

configure:3222: $? = 0
configure:3211: gcc -v >&5
Using built-in specs.
COLLECT_GCC=gcc
COLLECT_LTO_WRAPPER=/usr/lib/gcc/x86_64-linux-gnu/5/lto-wrapper
Target: x86_64-linux-gnu
Configured with: ../src/configure -v --with-pkgversion='Ubuntu 5.4.0-6ubuntu1~16.04.5' --with-bugurl=file:///usr/share/doc/gcc-5/README.Bugs --enable-languages=c,ada,c++,java,go,d,fortran,objc,obj-c++ --prefix=/usr --program-suffix=-5 --enable-shared --enable-linker-build-id --libexecdir=/usr/lib --without-included-gettext --enable-threads=posix --libdir=/usr/lib --enable-nls --with-sysroot=/ --enable-clocale=gnu --enable-libstdcxx-debug --enable-libstdcxx-time=yes --with-default-libstdcxx-abi=new --enable-gnu-unique-object --disable-vtable-verify --enable-libmpx --enable-plugin --with-system-zlib --disable-browser-plugin --enable-java-awt=gtk --enable-gtk-cairo --with-java-home=/usr/lib/jvm/java-1.5.0-gcj-5-amd64/jre --enable-java-home --with-jvm-root-dir=/usr/lib/jvm/java-1.5.0-gcj-5-amd64 --with-jvm-jar-dir=/usr/lib/jvm-exports/java-1.5.0-gcj-5-amd64 --with-arch-directory=amd64 --with-ecj-jar=/usr/share/java/eclipse-ecj.jar --enable-objc-gc --enable-multiarch --disable-werror --with-arch-32=i686 --with-abi=m64 --with-multilib-list=m32,m64,mx32 --enable-multilib --with-tune=generic --enable-checking=release --build=x86_64-linux-gnu --host=x86_64-linux-gnu --target=x86_64-linux-gnu
Thread model: posix
gcc version 5.4.0 20160609 (Ubuntu 5.4.0-6ubuntu1~16.04.5) 
configure:3222: $? = 0
configure:3211: gcc -V >&5
gcc: error: unrecognized command line option '-V'
gcc: fatal error: no input files
compilation terminated.
configure:3222: $? = 1
configure:3211: gcc -qversion >&5
gcc: error: unrecognized command line option '-qversion'
gcc: fatal error: no input files
compilation terminated.
configure:3222: $? = 1
configure:3242: checking whether the C compiler works
configure:3264: gcc    conftest.c  >&5
configure:3268: $? = 0
configure:3316: result: yes
configure:3319: checking for C compiler default output file name
configure:3321: result: a.out
configure:3327: checking for suffix of executables
configure:3334: gcc -o conftest    conftest.c  >&5
configure:3338: $? = 0
configure:3360: result: 
configure:3382: checking whether we are cross compiling
configure:3390: gcc -o conftest    conftest.c  >&5
configure:3394: $? = 0
configure:3401: ./conftest
configure:3405: $? = 0
configure:3420: result: no
configure:3425: checking for suffix of object files
configure:3447: gcc -c   conftest.c >&5
configure:3451: $? = 0
configure:3472: result: o
configure:3476: checking whether we are using the GNU C compiler
configure:3495: gcc -c   conftest.c >&5
configure:3495: $? = 0
configure:3504: result: yes
configure:3513: checking whether gcc accepts -g
configure:3533: gcc -c -g  conftest.c >&5
configure:3533: $? = 0
configure:3574: result: yes
configure:3591: checking for gcc option to accept ISO C89
configure:3654: gcc  -c -g -O2  conftest.c >&5
configure:3654: $? = 0
configure:3667: result: none needed
configure:3692: checking whether gcc understands -c and -o together
configure:3714: gcc -c conftest.c -o conftest2.o
configure:3717: $? = 0
configure:3714: gcc -c conftest.c -o conftest2.o
configure:3717: $? = 0
configure:3729: result: yes
configure:3748: checking dependency style of gcc
configure:3859: result: gcc3
configure:3924: checking for ar
configure:3940: found /usr/bin/ar
configure:3951: result: ar
configure:3977: checking the archiver (ar) interface
configure:3993: gcc -c -g -O2  conftest.c >&5
configure:3993: $? = 0
configure:3995: ar cru libconftest.a conftest.o >&5
ar: `u' modifier ignored since `D' is the default (see `U')
configure:3998: $? = 0
configure:4026: result: ar
configure:4094: checking for gcc
configure:4121: result: gcc
configure:4350: checking for C compiler version
configure:4359: gcc --version >&5
gcc (Ubuntu 5.4.0-6ubuntu1~16.04.5) 5.4.0 20160609
Copyright (C) 2015 Free Software Foundation, Inc.
This is free software; see the source for copying conditions.  There is NO
warranty; not even for MERCHANTABILITY or FITNESS FOR A PARTICULAR PURPOSE.

configure:4370: $? = 0
configure:4359: gcc -v >&5
Using built-in specs.
COLLECT_GCC=gcc
COLLECT_LTO_WRAPPER=/usr/lib/gcc/x86_64-linux-gnu/5/lto-wrapper
Target: x86_64-linux-gnu
Configured with: ../src/configure -v --with-pkgversion='Ubuntu 5.4.0-6ubuntu1~16.04.5' --with-bugurl=file:///usr/share/doc/gcc-5/README.Bugs --enable-languages=c,ada,c++,java,go,d,fortran,objc,obj-c++ --prefix=/usr --program-suffix=-5 --enable-shared --enable-linker-build-id --libexecdir=/usr/lib --without-included-gettext --enable-threads=posix --libdir=/usr/lib --enable-nls --with-sysroot=/ --enable-clocale=gnu --enable-libstdcxx-debug --enable-libstdcxx-time=yes --with-default-libstdcxx-abi=new --enable-gnu-unique-object --disable-vtable-verify --enable-libmpx --enable-plugin --with-system-zlib --disable-browser-plugin --enable-java-awt=gtk --enable-gtk-cairo --with-java-home=/usr/lib/jvm/java-1.5.0-gcj-5-amd64/jre --enable-java-home --with-jvm-root-dir=/usr/lib/jvm/java-1.5.0-gcj-5-amd64 --with-jvm-jar-dir=/usr/lib/jvm-exports/java-1.5.0-gcj-5-amd64 --with-arch-directory=amd64 --with-ecj-jar=/usr/share/java/eclipse-ecj.jar --enable-objc-gc --enable-multiarch --disable-werror --with-arch-32=i686 --with-abi=m64 --with-multilib-list=m32,m64,mx32 --enable-multilib --with-tune=generic --enable-checking=release --build=x86_64-linux-gnu --host=x86_64-linux-gnu --target=x86_64-linux-gnu
Thread model: posix
gcc version 5.4.0 20160609 (Ubuntu 5.4.0-6ubuntu1~16.04.5) 
configure:4370: $? = 0
configure:4359: gcc -V >&5
gcc: error: unrecognized command line option '-V'
gcc: fatal error: no input files
compilation terminated.
configure:4370: $? = 1
configure:4359: gcc -qversion >&5
gcc: error: unrecognized command line option '-qversion'
gcc: fatal error: no input files
compilation terminated.
configure:4370: $? = 1
configure:4374: checking whether we are using the GNU C compiler
configure:4402: result: yes
configure:4411: checking whether gcc accepts -g
configure:4472: result: yes
configure:4489: checking for gcc option to accept ISO C89
configure:4565: result: none needed
configure:4590: checking whether gcc understands -c and -o together
configure:4627: result: yes
configure:4646: checking dependency style of gcc
configure:4757: result: gcc3
configure:4805: checking build system type
configure:4819: result: x86_64-pc-linux-gnu
configure:4839: checking host system type
configure:4852: result: x86_64-pc-linux-gnu
configure:4893: checking how to print strings
configure:4920: result: printf
configure:4941: checking for a sed that does not truncate output
configure:5005: result: /bin/sed
configure:5023: checking for grep that handles long lines and -e
configure:5081: result: /bin/grep
configure:5086: checking for egrep
configure:5148: result: /bin/grep -E
configure:5153: checking for fgrep
configure:5215: result: /bin/grep -F
configure:5250: checking for ld used by gcc
configure:5317: result: /usr/bin/ld
configure:5324: checking if the linker (/usr/bin/ld) is GNU ld
configure:5339: result: yes
configure:5351: checking for BSD- or MS-compatible name lister (nm)
configure:5405: result: /usr/bin/nm -B
configure:5535: checking the name lister (/usr/bin/nm -B) interface
configure:5542: gcc -c -g -O2  conftest.c >&5
configure:5545: /usr/bin/nm -B "conftest.o"
configure:5548: output
0000000000000000 B some_variable
configure:5555: result: BSD nm
configure:5558: checking whether ln -s works
configure:5562: result: yes
configure:5570: checking the maximum length of command line arguments
configure:5701: result: 1572864
configure:5749: checking how to convert x86_64-pc-linux-gnu file names to x86_64-pc-linux-gnu format
configure:5789: result: func_convert_file_noop
configure:5796: checking how to convert x86_64-pc-linux-gnu file names to toolchain format
configure:5816: result: func_convert_file_noop
configure:5823: checking for /usr/bin/ld option to reload object files
configure:5830: result: -r
configure:5904: checking for objdump
configure:5920: found /usr/bin/objdump
configure:5931: result: objdump
configure:5963: checking how to recognize dependent libraries
configure:6163: result: pass_all
configure:6248: checking for dlltool
configure:6278: result: no
configure:6308: checking how to associate runtime and link libraries
configure:6335: result: printf %s\n
configure:6459: checking for archiver @FILE support
configure:6476: gcc -c -g -O2  conftest.c >&5
configure:6476: $? = 0
configure:6479: ar cru libconftest.a @conftest.lst >&5
ar: `u' modifier ignored since `D' is the default (see `U')
configure:6482: $? = 0
configure:6487: ar cru libconftest.a @conftest.lst >&5
ar: `u' modifier ignored since `D' is the default (see `U')
ar: conftest.o: No such file or directory
configure:6490: $? = 1
configure:6502: result: @
configure:6560: checking for strip
configure:6576: found /usr/bin/strip
configure:6587: result: strip
configure:6659: checking for ranlib
configure:6675: found /usr/bin/ranlib
configure:6686: result: ranlib
configure:6788: checking command to parse /usr/bin/nm -B output from gcc object
configure:6941: gcc -c -g -O2  conftest.c >&5
configure:6944: $? = 0
configure:6948: /usr/bin/nm -B conftest.o \| sed -n -e 's/^.*[ ]\([ABCDGIRSTW][ABCDGIRSTW]*\)[ ][ ]*\([_A-Za-z][_A-Za-z0-9]*\)$/\1 \2 \2/p' | sed '/ __gnu_lto/d' \> conftest.nm
configure:6951: $? = 0
configure:7017: gcc -o conftest -g -O2   conftest.c conftstm.o >&5
configure:7020: $? = 0
configure:7058: result: ok
configure:7105: checking for sysroot
configure:7135: result: no
configure:7142: checking for a working dd
configure:7180: result: /bin/dd
configure:7184: checking how to truncate binary pipes
configure:7199: result: /bin/dd bs=4096 count=1
configure:7335: gcc -c -g -O2  conftest.c >&5
configure:7338: $? = 0
configure:7528: checking for mt
configure:7544: found /bin/mt
configure:7555: result: mt
configure:7578: checking if mt is a manifest tool
configure:7584: mt '-?'
configure:7592: result: no
configure:8269: checking how to run the C preprocessor
configure:8300: gcc -E  conftest.c
configure:8300: $? = 0
configure:8314: gcc -E  conftest.c
conftest.c:11:28: fatal error: ac_nonexistent.h: No such file or directory
compilation terminated.
configure:8314: $? = 1
configure: failed program was:
| /* confdefs.h */
| #define PACKAGE_NAME "MyPackageName"
| #define PACKAGE_TARNAME "mypackagename"
| #define PACKAGE_VERSION "0.1"
| #define PACKAGE_STRING "MyPackageName 0.1"
| #define PACKAGE_BUGREPORT "blottiere.paul@gmail.com"
| #define PACKAGE_URL ""
| #define PACKAGE "mypackagename"
| #define VERSION "0.1"
| /* end confdefs.h.  */
| #include <ac_nonexistent.h>
configure:8339: result: gcc -E
configure:8359: gcc -E  conftest.c
configure:8359: $? = 0
configure:8373: gcc -E  conftest.c
conftest.c:11:28: fatal error: ac_nonexistent.h: No such file or directory
compilation terminated.
configure:8373: $? = 1
configure: failed program was:
| /* confdefs.h */
| #define PACKAGE_NAME "MyPackageName"
| #define PACKAGE_TARNAME "mypackagename"
| #define PACKAGE_VERSION "0.1"
| #define PACKAGE_STRING "MyPackageName 0.1"
| #define PACKAGE_BUGREPORT "blottiere.paul@gmail.com"
| #define PACKAGE_URL ""
| #define PACKAGE "mypackagename"
| #define VERSION "0.1"
| /* end confdefs.h.  */
| #include <ac_nonexistent.h>
configure:8402: checking for ANSI C header files
configure:8422: gcc -c -g -O2  conftest.c >&5
configure:8422: $? = 0
configure:8495: gcc -o conftest -g -O2   conftest.c  >&5
configure:8495: $? = 0
configure:8495: ./conftest
configure:8495: $? = 0
configure:8506: result: yes
configure:8519: checking for sys/types.h
configure:8519: gcc -c -g -O2  conftest.c >&5
configure:8519: $? = 0
configure:8519: result: yes
configure:8519: checking for sys/stat.h
configure:8519: gcc -c -g -O2  conftest.c >&5
configure:8519: $? = 0
configure:8519: result: yes
configure:8519: checking for stdlib.h
configure:8519: gcc -c -g -O2  conftest.c >&5
configure:8519: $? = 0
configure:8519: result: yes
configure:8519: checking for string.h
configure:8519: gcc -c -g -O2  conftest.c >&5
configure:8519: $? = 0
configure:8519: result: yes
configure:8519: checking for memory.h
configure:8519: gcc -c -g -O2  conftest.c >&5
configure:8519: $? = 0
configure:8519: result: yes
configure:8519: checking for strings.h
configure:8519: gcc -c -g -O2  conftest.c >&5
configure:8519: $? = 0
configure:8519: result: yes
configure:8519: checking for inttypes.h
configure:8519: gcc -c -g -O2  conftest.c >&5
configure:8519: $? = 0
configure:8519: result: yes
configure:8519: checking for stdint.h
configure:8519: gcc -c -g -O2  conftest.c >&5
configure:8519: $? = 0
configure:8519: result: yes
configure:8519: checking for unistd.h
configure:8519: gcc -c -g -O2  conftest.c >&5
configure:8519: $? = 0
configure:8519: result: yes
configure:8533: checking for dlfcn.h
configure:8533: gcc -c -g -O2  conftest.c >&5
configure:8533: $? = 0
configure:8533: result: yes
configure:8789: checking for objdir
configure:8804: result: .libs
configure:9068: checking if gcc supports -fno-rtti -fno-exceptions
configure:9086: gcc -c -g -O2  -fno-rtti -fno-exceptions conftest.c >&5
cc1: warning: command line option '-fno-rtti' is valid for C++/ObjC++ but not for C
configure:9090: $? = 0
configure:9103: result: no
configure:9461: checking for gcc option to produce PIC
configure:9468: result: -fPIC -DPIC
configure:9476: checking if gcc PIC flag -fPIC -DPIC works
configure:9494: gcc -c -g -O2  -fPIC -DPIC -DPIC conftest.c >&5
configure:9498: $? = 0
configure:9511: result: yes
configure:9540: checking if gcc static flag -static works
configure:9568: result: yes
configure:9583: checking if gcc supports -c -o file.o
configure:9604: gcc -c -g -O2  -o out/conftest2.o conftest.c >&5
configure:9608: $? = 0
configure:9630: result: yes
configure:9638: checking if gcc supports -c -o file.o
configure:9685: result: yes
configure:9718: checking whether the gcc linker (/usr/bin/ld -m elf_x86_64) supports shared libraries
configure:10981: result: yes
configure:11018: checking whether -lc should be explicitly linked in
configure:11026: gcc -c -g -O2  conftest.c >&5
configure:11029: $? = 0
configure:11044: gcc -shared  -fPIC -DPIC conftest.o  -v -Wl,-soname -Wl,conftest -o conftest 2\>\&1 \| /bin/grep  -lc  \>/dev/null 2\>\&1
configure:11047: $? = 0
configure:11061: result: no
configure:11221: checking dynamic linker characteristics
configure:11802: gcc -o conftest -g -O2   -Wl,-rpath -Wl,/foo conftest.c  >&5
configure:11802: $? = 0
configure:12051: result: GNU/Linux ld.so
configure:12173: checking how to hardcode library paths into programs
configure:12198: result: immediate
configure:12746: checking whether stripping libraries is possible
configure:12751: result: yes
configure:12786: checking if libtool supports shared libraries
configure:12788: result: yes
configure:12791: checking whether to build shared libraries
configure:12816: result: yes
configure:12819: checking whether to build static libraries
configure:12823: result: yes
configure:12890: checking sys/socket.h usability
configure:12890: gcc -c -g -O2  conftest.c >&5
configure:12890: $? = 0
configure:12890: result: yes
configure:12890: checking sys/socket.h presence
configure:12890: gcc -E  conftest.c
configure:12890: $? = 0
configure:12890: result: yes
configure:12890: checking for sys/socket.h
configure:12890: result: yes
configure:12898: checking curl/curl.h usability
configure:12898: gcc -c -g -O2  conftest.c >&5
configure:12898: $? = 0
configure:12898: result: yes
configure:12898: checking curl/curl.h presence
configure:12898: gcc -E  conftest.c
configure:12898: $? = 0
configure:12898: result: yes
configure:12898: checking for curl/curl.h
configure:12898: result: yes
configure:13020: checking that generated files are newer than configure
configure:13026: result: done
configure:13053: creating ./config.status

## ---------------------- ##
## Running config.status. ##
## ---------------------- ##

This file was extended by MyPackageName config.status 0.1, which was
generated by GNU Autoconf 2.69.  Invocation command line was

  CONFIG_FILES    = 
  CONFIG_HEADERS  = 
  CONFIG_LINKS    = 
  CONFIG_COMMANDS = 
  $ ./config.status 

on lallemfaVM

config.status:1087: creating Makefile
config.status:1087: creating src/Makefile
config.status:1087: creating src/hello/Makefile
config.status:1087: creating src/domoticz/Makefile
config.status:1087: creating config.h
config.status:1268: config.h is unchanged
config.status:1316: executing depfiles commands
config.status:1316: executing libtool commands
configure:15213:

------------------------------------------------------------------------
  mypackagename 0.1 - Configuration Report
------------------------------------------------------------------------

 prefix:            /usr/local
 exec-prefix:       ${prefix}
 bin path:          ${exec_prefix}/bin
 lib path:          ${exec_prefix}/lib
 include path:      ${prefix}/include
 etc path:          ${prefix}/etc
 data path:         ${prefix}/share


## ---------------- ##
## Cache variables. ##
## ---------------- ##

ac_cv_build=x86_64-pc-linux-gnu
ac_cv_c_compiler_gnu=yes
ac_cv_env_CC_set=
ac_cv_env_CC_value=
ac_cv_env_CFLAGS_set=
ac_cv_env_CFLAGS_value=
ac_cv_env_CPPFLAGS_set=
ac_cv_env_CPPFLAGS_value=
ac_cv_env_CPP_set=
ac_cv_env_CPP_value=
ac_cv_env_LDFLAGS_set=
ac_cv_env_LDFLAGS_value=
ac_cv_env_LIBS_set=
ac_cv_env_LIBS_value=
ac_cv_env_LT_SYS_LIBRARY_PATH_set=
ac_cv_env_LT_SYS_LIBRARY_PATH_value=
ac_cv_env_build_alias_set=
ac_cv_env_build_alias_value=
ac_cv_env_host_alias_set=
ac_cv_env_host_alias_value=
ac_cv_env_target_alias_set=
ac_cv_env_target_alias_value=
ac_cv_header_curl_curl_h=yes
ac_cv_header_dlfcn_h=yes
ac_cv_header_inttypes_h=yes
ac_cv_header_memory_h=yes
ac_cv_header_stdc=yes
ac_cv_header_stdint_h=yes
ac_cv_header_stdlib_h=yes
ac_cv_header_string_h=yes
ac_cv_header_strings_h=yes
ac_cv_header_sys_socket_h=yes
ac_cv_header_sys_stat_h=yes
ac_cv_header_sys_types_h=yes
ac_cv_header_unistd_h=yes
ac_cv_host=x86_64-pc-linux-gnu
ac_cv_objext=o
ac_cv_path_EGREP='/bin/grep -E'
ac_cv_path_FGREP='/bin/grep -F'
ac_cv_path_GREP=/bin/grep
ac_cv_path_SED=/bin/sed
ac_cv_path_install='/usr/bin/install -c'
ac_cv_path_lt_DD=/bin/dd
ac_cv_path_mkdir=/bin/mkdir
ac_cv_prog_AWK=gawk
ac_cv_prog_CPP='gcc -E'
ac_cv_prog_ac_ct_AR=ar
ac_cv_prog_ac_ct_CC=gcc
ac_cv_prog_ac_ct_MANIFEST_TOOL=mt
ac_cv_prog_ac_ct_OBJDUMP=objdump
ac_cv_prog_ac_ct_RANLIB=ranlib
ac_cv_prog_ac_ct_STRIP=strip
ac_cv_prog_cc_c89=
ac_cv_prog_cc_g=yes
ac_cv_prog_make_make_set=yes
am_cv_CC_dependencies_compiler_type=gcc3
am_cv_ar_interface=ar
am_cv_make_support_nested_variables=yes
am_cv_prog_cc_c_o=yes
lt_cv_ar_at_file=@
lt_cv_archive_cmds_need_lc=no
lt_cv_deplibs_check_method=pass_all
lt_cv_file_magic_cmd='$MAGIC_CMD'
lt_cv_file_magic_test_file=
lt_cv_ld_reload_flag=-r
lt_cv_nm_interface='BSD nm'
lt_cv_objdir=.libs
lt_cv_path_LD=/usr/bin/ld
lt_cv_path_NM='/usr/bin/nm -B'
lt_cv_path_mainfest_tool=no
lt_cv_prog_compiler_c_o=yes
lt_cv_prog_compiler_pic='-fPIC -DPIC'
lt_cv_prog_compiler_pic_works=yes
lt_cv_prog_compiler_rtti_exceptions=no
lt_cv_prog_compiler_static_works=yes
lt_cv_prog_gnu_ld=yes
lt_cv_sharedlib_from_linklib_cmd='printf %s\n'
lt_cv_shlibpath_overrides_runpath=no
lt_cv_sys_global_symbol_pipe='sed -n -e '\''s/^.*[	 ]\([ABCDGIRSTW][ABCDGIRSTW]*\)[	 ][	 ]*\([_A-Za-z][_A-Za-z0-9]*\)$/\1 \2 \2/p'\'' | sed '\''/ __gnu_lto/d'\'''
lt_cv_sys_global_symbol_to_c_name_address='sed -n -e '\''s/^: \(.*\) .*$/  {"\1", (void *) 0},/p'\'' -e '\''s/^[ABCDGIRSTW][ABCDGIRSTW]* .* \(.*\)$/  {"\1", (void *) \&\1},/p'\'''
lt_cv_sys_global_symbol_to_c_name_address_lib_prefix='sed -n -e '\''s/^: \(.*\) .*$/  {"\1", (void *) 0},/p'\'' -e '\''s/^[ABCDGIRSTW][ABCDGIRSTW]* .* \(lib.*\)$/  {"\1", (void *) \&\1},/p'\'' -e '\''s/^[ABCDGIRSTW][ABCDGIRSTW]* .* \(.*\)$/  {"lib\1", (void *) \&\1},/p'\'''
lt_cv_sys_global_symbol_to_cdecl='sed -n -e '\''s/^T .* \(.*\)$/extern int \1();/p'\'' -e '\''s/^[ABCDGIRSTW][ABCDGIRSTW]* .* \(.*\)$/extern char \1;/p'\'''
lt_cv_sys_global_symbol_to_import=
lt_cv_sys_max_cmd_len=1572864
lt_cv_to_host_file_cmd=func_convert_file_noop
lt_cv_to_tool_file_cmd=func_convert_file_noop
lt_cv_truncate_bin='/bin/dd bs=4096 count=1'

## ----------------- ##
## Output variables. ##
## ----------------- ##

ACLOCAL='${SHELL} /home/lallemfa/embsys/labs/autotools/config/missing aclocal-1.15'
AMDEPBACKSLASH='\'
AMDEP_FALSE='#'
AMDEP_TRUE=''
AMTAR='$${TAR-tar}'
AM_BACKSLASH='\'
AM_DEFAULT_V='$(AM_DEFAULT_VERBOSITY)'
AM_DEFAULT_VERBOSITY='1'
AM_V='$(V)'
AR='ar'
AUTOCONF='${SHELL} /home/lallemfa/embsys/labs/autotools/config/missing autoconf'
AUTOHEADER='${SHELL} /home/lallemfa/embsys/labs/autotools/config/missing autoheader'
AUTOMAKE='${SHELL} /home/lallemfa/embsys/labs/autotools/config/missing automake-1.15'
AWK='gawk'
CC='gcc'
CCDEPMODE='depmode=gcc3'
CFLAGS='-g -O2'
CPP='gcc -E'
CPPFLAGS=''
CYGPATH_W='echo'
DEFS='-DHAVE_CONFIG_H'
DEPDIR='.deps'
DLLTOOL='false'
DSYMUTIL=''
DUMPBIN=''
ECHO_C=''
ECHO_N='-n'
ECHO_T=''
EGREP='/bin/grep -E'
EXEEXT=''
FGREP='/bin/grep -F'
GREP='/bin/grep'
INSTALL_DATA='${INSTALL} -m 644'
INSTALL_PROGRAM='${INSTALL}'
INSTALL_SCRIPT='${INSTALL}'
INSTALL_STRIP_PROGRAM='$(install_sh) -c -s'
LD='/usr/bin/ld -m elf_x86_64'
LDFLAGS=''
LIBOBJS=''
LIBS=''
LIBTOOL='$(SHELL) $(top_builddir)/libtool'
LIPO=''
LN_S='ln -s'
LTLIBOBJS=''
LT_SYS_LIBRARY_PATH=''
MAKEINFO='${SHELL} /home/lallemfa/embsys/labs/autotools/config/missing makeinfo'
MANIFEST_TOOL=':'
MKDIR_P='/bin/mkdir -p'
NM='/usr/bin/nm -B'
NMEDIT=''
OBJDUMP='objdump'
OBJEXT='o'
OTOOL64=''
OTOOL=''
PACKAGE='mypackagename'
PACKAGE_BUGREPORT='blottiere.paul@gmail.com'
PACKAGE_NAME='MyPackageName'
PACKAGE_STRING='MyPackageName 0.1'
PACKAGE_TARNAME='mypackagename'
PACKAGE_URL=''
PACKAGE_VERSION='0.1'
PATH_SEPARATOR=':'
RANLIB='ranlib'
SED='/bin/sed'
SET_MAKE=''
SHELL='/bin/bash'
STRIP='strip'
VERSION='0.1'
ac_ct_AR='ar'
ac_ct_CC='gcc'
ac_ct_DUMPBIN=''
am__EXEEXT_FALSE=''
am__EXEEXT_TRUE='#'
am__fastdepCC_FALSE='#'
am__fastdepCC_TRUE=''
am__include='include'
am__isrc=''
am__leading_dot='.'
am__nodep='_no'
am__quote=''
am__tar='$${TAR-tar} chof - "$$tardir"'
am__untar='$${TAR-tar} xf -'
bindir='${exec_prefix}/bin'
build='x86_64-pc-linux-gnu'
build_alias=''
build_cpu='x86_64'
build_os='linux-gnu'
build_vendor='pc'
datadir='${datarootdir}'
datarootdir='${prefix}/share'
docdir='${datarootdir}/doc/${PACKAGE_TARNAME}'
dvidir='${docdir}'
exec_prefix='${prefix}'
host='x86_64-pc-linux-gnu'
host_alias=''
host_cpu='x86_64'
host_os='linux-gnu'
host_vendor='pc'
htmldir='${docdir}'
includedir='${prefix}/include'
infodir='${datarootdir}/info'
install_sh='${SHELL} /home/lallemfa/embsys/labs/autotools/config/install-sh'
libdir='${exec_prefix}/lib'
libexecdir='${exec_prefix}/libexec'
localedir='${datarootdir}/locale'
localstatedir='${prefix}/var'
mandir='${datarootdir}/man'
mkdir_p='$(MKDIR_P)'
oldincludedir='/usr/include'
pdfdir='${docdir}'
prefix='/usr/local'
program_transform_name='s,x,x,'
psdir='${docdir}'
runstatedir='${localstatedir}/run'
sbindir='${exec_prefix}/sbin'
sharedstatedir='${prefix}/com'
sysconfdir='${prefix}/etc'
target_alias=''

## ----------- ##
## confdefs.h. ##
## ----------- ##

/* confdefs.h */
#define PACKAGE_NAME "MyPackageName"
#define PACKAGE_TARNAME "mypackagename"
#define PACKAGE_VERSION "0.1"
#define PACKAGE_STRING "MyPackageName 0.1"
#define PACKAGE_BUGREPORT "blottiere.paul@gmail.com"
#define PACKAGE_URL ""
#define PACKAGE "mypackagename"
#define VERSION "0.1"
#define STDC_HEADERS 1
#define HAVE_SYS_TYPES_H 1
#define HAVE_SYS_STAT_H 1
#define HAVE_STDLIB_H 1
#define HAVE_STRING_H 1
#define HAVE_MEMORY_H 1
#define HAVE_STRINGS_H 1
#define HAVE_INTTYPES_H 1
#define HAVE_STDINT_H 1
#define HAVE_UNISTD_H 1
#define HAVE_DLFCN_H 1
#define LT_OBJDIR ".libs/"

configure: exit 0
